빌드 시작: 2016-04-08 오후 5:29:38
     1>2 노드의 "C:\Users\dahoon\Downloads\handDetectionCV-master\VS2013 Version\HandDetection\HandDetection.vcxproj" 프로젝트(Build 대상)입니다.
     1>ClCompile:
         C:\Program Files (x86)\Microsoft Visual Studio 12.0\VC\bin\x86_amd64\CL.exe /c /IC:\Users\dahoon\Downloads\opencv\build\include /Zi /nologo /W3 /WX- /sdl /O2 /Oi /GL /D WIN32 /D NDEBUG /D _CONSOLE /D _LIB /D _UNICODE /D UNICODE /Gm- /EHsc /MD /GS /Gy /fp:precise /Zc:wchar_t /Zc:forScope /Fo"x64\Release\\" /Fd"x64\Release\vc120.pdb" /Gd /TP /errorReport:prompt handGesture.cpp
         handGesture.cpp
     1>C:\Users\dahoon\Downloads\opencv\build\include\opencv2/core/mat.hpp(1965): warning C4819: 현재 코드 페이지(949)에서 표시할 수 없는 문자가 파일에 들어 있습니다. 데이터가 손실되지 않게 하려면 해당 파일을 유니코드 형식으로 저장하십시오.
     1>C:\Users\dahoon\Downloads\opencv\build\include\opencv2/core/persistence.hpp : warning C4819: 현재 코드 페이지(949)에서 표시할 수 없는 문자가 파일에 들어 있습니다. 데이터가 손실되지 않게 하려면 해당 파일을 유니코드 형식으로 저장하십시오.
     1>C:\Users\dahoon\Downloads\opencv\build\include\opencv2/core/utility.hpp : warning C4819: 현재 코드 페이지(949)에서 표시할 수 없는 문자가 파일에 들어 있습니다. 데이터가 손실되지 않게 하려면 해당 파일을 유니코드 형식으로 저장하십시오.
     1>handGesture.cpp(47): warning C4244: '초기화 중' : 'double'에서 'int'(으)로 변환하면서 데이터가 손실될 수 있습니다.
     1>handGesture.cpp(48): warning C4244: '초기화 중' : 'double'에서 'int'(으)로 변환하면서 데이터가 손실될 수 있습니다.
     1>handGesture.cpp(57): warning C4244: '인수' : 'double'에서 'int'(으)로 변환하면서 데이터가 손실될 수 있습니다.
     1>handGesture.cpp(83): warning C4244: '초기화 중' : 'double'에서 'float'(으)로 변환하면서 데이터가 손실될 수 있습니다.
     1>handGesture.cpp(126): warning C4267: '초기화 중' : 'size_t'에서 'int'(으)로 변환하면서 데이터가 손실될 수 있습니다.
     1>handGesture.cpp(174): warning C4244: '초기화 중' : 'int'에서 'float'(으)로 변환하면서 데이터가 손실될 수 있습니다.
     1>handGesture.cpp(176): warning C4244: '=' : 'double'에서 'float'(으)로 변환하면서 데이터가 손실될 수 있습니다.
     1>handGesture.cpp(181): warning C4244: '초기화 중' : 'double'에서 'int'(으)로 변환하면서 데이터가 손실될 수 있습니다.
     1>handGesture.cpp(200): warning C4267: '=' : 'size_t'에서 'int'(으)로 변환하면서 데이터가 손실될 수 있습니다.
     1>handGesture.cpp(209): warning C4244: '초기화 중' : 'double'에서 'float'(으)로 변환하면서 데이터가 손실될 수 있습니다.
     1>handGesture.cpp(210): warning C4101: 'faridx' :참조되지 않은 지역 변수입니다.
     1>handGesture.cpp(208): warning C4101: 'avgY' :참조되지 않은 지역 변수입니다.
     1>handGesture.cpp(208): warning C4101: 'avgX' :참조되지 않은 지역 변수입니다.
       Link:
         C:\Program Files (x86)\Microsoft Visual Studio 12.0\VC\bin\x86_amd64\link.exe /ERRORREPORT:PROMPT /OUT:"C:\Users\dahoon\Downloads\handDetectionCV-master\VS2013 Version\x64\Release\HandDetection.exe" /INCREMENTAL:NO /NOLOGO /LIBPATH:C:\Users\dahoon\Downloads\opencv\build\x64\vc12\lib opencv_world310.lib kernel32.lib user32.lib gdi32.lib winspool.lib comdlg32.lib advapi32.lib shell32.lib ole32.lib oleaut32.lib uuid.lib odbc32.lib odbccp32.lib /MANIFEST /MANIFESTUAC:"level='asInvoker' uiAccess='false'" /manifest:embed /DEBUG /PDB:"C:\Users\dahoon\Downloads\handDetectionCV-master\VS2013 Version\x64\Release\HandDetection.pdb" /SUBSYSTEM:CONSOLE /OPT:REF /OPT:ICF /LTCG /TLBID:1 /DYNAMICBASE /NXCOMPAT /IMPLIB:"C:\Users\dahoon\Downloads\handDetectionCV-master\VS2013 Version\x64\Release\HandDetection.lib" /MACHINE:X64 x64\Release\handGesture.obj
         x64\Release\main.obj
         x64\Release\myImage.obj
         x64\Release\roi.obj
         코드를 생성하고 있습니다.
         코드를 생성했습니다.
         HandDetection.vcxproj -> C:\Users\dahoon\Downloads\handDetectionCV-master\VS2013 Version\x64\Release\HandDetection.exe
     1>"C:\Users\dahoon\Downloads\handDetectionCV-master\VS2013 Version\HandDetection\HandDetection.vcxproj" 프로젝트를 빌드했습니다(Build 대상).

빌드했습니다.

경과 시간: 00:00:02.36
